2020.05.18 15:08:30 INFO  started: Metals version 0.9.0 in workspace '/home/kevin/Documents/dynmicFormReact'
2020.05.18 15:08:31 INFO  time: initialize in 1.04s
May 18, 2020 3:58:37 PM org.eclipse.lsp4j.jsonrpc.services.GenericEndpoint notify
INFO: Unsupported notification method: $/setTraceNotification
2020.05.18 22:35:58 INFO  no build target: using presentation compiler with only scala-library
2020.05.18 22:36:01 WARN  no build target for: /home/kevin/Documents/dynmicFormReact/app/controllers/HomeController.scala
2020.05.18 22:36:09 WARN  code navigation does not work for the file '/home/kevin/Documents/dynmicFormReact/app/controllers/HomeController.scala' because it doesn't belong to a build target.
2020.05.18 22:45:25 WARN  no build target for: /home/kevin/Documents/dynmicFormReact/app/controllers/HomeController.scala
2020.05.18 22:45:29 WARN  no build target for: /home/kevin/Documents/dynmicFormReact/app/controllers/HomeController.scala
2020.05.18 22:45:34 WARN  no build target for: /home/kevin/Documents/dynmicFormReact/app/controllers/HomeController.scala
2020.05.18 23:26:52 WARN  no build target for: /home/kevin/Documents/dynmicFormReact/app/Module.scala
2020.05.18 23:26:57 WARN  no build target for: /home/kevin/Documents/dynmicFormReact/app/model/person.scala
2020.05.18 23:27:11 WARN  no build target for: /home/kevin/Documents/dynmicFormReact/app/model/person.scala
2020.05.18 23:27:14 WARN  no build target for: /home/kevin/Documents/dynmicFormReact/app/model/person.scala
2020.05.18 23:27:17 WARN  no build target for: /home/kevin/Documents/dynmicFormReact/app/model/person.scala
2020.05.18 23:27:20 WARN  no build target for: /home/kevin/Documents/dynmicFormReact/app/model/person.scala
2020.05.18 23:27:22 WARN  no build target for: /home/kevin/Documents/dynmicFormReact/app/model/person.scala
2020.05.18 23:27:43 WARN  no build target for: /home/kevin/Documents/dynmicFormReact/app/model/person.scala
2020.05.18 23:27:46 WARN  no build target for: /home/kevin/Documents/dynmicFormReact/app/model/person.scala
2020.05.18 23:27:51 WARN  no build target for: /home/kevin/Documents/dynmicFormReact/app/model/person.scala
2020.05.18 23:27:52 WARN  no build target for: /home/kevin/Documents/dynmicFormReact/app/model/person.scala
2020.05.18 23:28:02 WARN  no build target for: /home/kevin/Documents/dynmicFormReact/app/model/person.scala
2020.05.18 23:28:05 WARN  no build target for: /home/kevin/Documents/dynmicFormReact/app/model/person.scala
2020.05.18 23:28:09 WARN  no build target for: /home/kevin/Documents/dynmicFormReact/app/model/person.scala
2020.05.18 23:28:13 WARN  no build target for: /home/kevin/Documents/dynmicFormReact/app/model/person.scala
2020.05.18 23:28:43 WARN  no build target for: /home/kevin/Documents/dynmicFormReact/app/controllers/HomeController.scala
2020.05.18 23:28:45 WARN  no build target for: /home/kevin/Documents/dynmicFormReact/app/controllers/HomeController.scala
2020.05.18 23:28:47 WARN  no build target for: /home/kevin/Documents/dynmicFormReact/app/controllers/HomeController.scala
2020.05.18 23:28:52 WARN  no build target for: /home/kevin/Documents/dynmicFormReact/app/controllers/HomeController.scala
2020.05.18 23:28:53 WARN  no build target for: /home/kevin/Documents/dynmicFormReact/app/controllers/HomeController.scala
2020.05.18 23:28:55 WARN  no build target for: /home/kevin/Documents/dynmicFormReact/app/controllers/HomeController.scala
2020.05.18 23:28:58 WARN  no build target for: /home/kevin/Documents/dynmicFormReact/app/controllers/HomeController.scala
2020.05.18 23:29:03 WARN  no build target for: /home/kevin/Documents/dynmicFormReact/app/controllers/HomeController.scala
2020.05.18 23:30:00 WARN  code navigation does not work for the file '/home/kevin/Documents/dynmicFormReact/app/controllers/HomeController.scala' because it doesn't belong to a build target.
2020.05.18 23:43:58 WARN  no build target for: /home/kevin/Documents/dynmicFormReact/app/controllers/HomeController.scala
2020.05.18 23:44:00 WARN  no build target for: /home/kevin/Documents/dynmicFormReact/app/controllers/HomeController.scala
2020.05.18 23:44:01 WARN  no build target for: /home/kevin/Documents/dynmicFormReact/app/controllers/HomeController.scala
2020.05.18 23:44:09 WARN  no build target for: /home/kevin/Documents/dynmicFormReact/app/controllers/HomeController.scala
2020.05.18 23:44:13 WARN  no build target for: /home/kevin/Documents/dynmicFormReact/app/controllers/HomeController.scala
2020.05.18 23:44:18 WARN  no build target for: /home/kevin/Documents/dynmicFormReact/app/controllers/HomeController.scala
2020.05.18 23:44:21 WARN  no build target for: /home/kevin/Documents/dynmicFormReact/app/controllers/HomeController.scala
2020.05.18 23:44:30 WARN  no build target for: /home/kevin/Documents/dynmicFormReact/app/controllers/HomeController.scala
2020.05.18 23:44:32 WARN  no build target for: /home/kevin/Documents/dynmicFormReact/app/controllers/HomeController.scala
2020.05.18 23:44:39 WARN  no build target for: /home/kevin/Documents/dynmicFormReact/app/controllers/HomeController.scala
2020.05.18 23:44:44 WARN  no build target for: /home/kevin/Documents/dynmicFormReact/app/controllers/HomeController.scala
2020.05.18 23:44:46 WARN  no build target for: /home/kevin/Documents/dynmicFormReact/app/controllers/HomeController.scala
2020.05.18 23:45:09 WARN  no build target for: /home/kevin/Documents/dynmicFormReact/app/controllers/HomeController.scala
2020.05.18 23:45:09 WARN  code navigation does not work for the file '/home/kevin/Documents/dynmicFormReact/app/controllers/HomeController.scala' because it doesn't belong to a build target.
2020.05.18 23:45:21 WARN  code navigation does not work for the file '/home/kevin/Documents/dynmicFormReact/app/controllers/HomeController.scala' because it doesn't belong to a build target.
2020.05.18 23:46:20 WARN  no build target for: /home/kevin/Documents/dynmicFormReact/app/controllers/HomeController.scala
2020.05.18 23:46:23 WARN  no build target for: /home/kevin/Documents/dynmicFormReact/app/controllers/HomeController.scala
2020.05.18 23:46:23 WARN  no build target for: /home/kevin/Documents/dynmicFormReact/app/controllers/HomeController.scala
2020.05.18 23:46:23 WARN  no build target for: /home/kevin/Documents/dynmicFormReact/app/controllers/HomeController.scala
2020.05.18 23:46:23 WARN  no build target for: /home/kevin/Documents/dynmicFormReact/app/controllers/HomeController.scala
2020.05.18 23:46:23 WARN  no build target for: /home/kevin/Documents/dynmicFormReact/app/controllers/HomeController.scala
2020.05.18 23:46:24 WARN  no build target for: /home/kevin/Documents/dynmicFormReact/app/controllers/HomeController.scala
2020.05.18 23:46:24 WARN  no build target for: /home/kevin/Documents/dynmicFormReact/app/controllers/HomeController.scala
2020.05.18 23:46:24 WARN  no build target for: /home/kevin/Documents/dynmicFormReact/app/controllers/HomeController.scala
2020.05.18 23:46:24 WARN  no build target for: /home/kevin/Documents/dynmicFormReact/app/controllers/HomeController.scala
2020.05.18 23:46:24 WARN  no build target for: /home/kevin/Documents/dynmicFormReact/app/controllers/HomeController.scala
2020.05.18 23:46:24 WARN  no build target for: /home/kevin/Documents/dynmicFormReact/app/controllers/HomeController.scala
2020.05.18 23:46:25 WARN  no build target for: /home/kevin/Documents/dynmicFormReact/app/controllers/HomeController.scala
May 18, 2020 11:52:20 PM org.eclipse.lsp4j.jsonrpc.RemoteEndpoint handleCancellation
WARNING: Unmatched cancel notification for request id 526
2020.05.19 00:04:23 WARN  no build target for: /home/kevin/Documents/dynmicFormReact/app/controllers/HomeController.scala
2020.05.19 00:04:23 WARN  no build target for: /home/kevin/Documents/dynmicFormReact/app/controllers/HomeController.scala
2020.05.19 00:04:26 WARN  no build target for: /home/kevin/Documents/dynmicFormReact/app/controllers/HomeController.scala
2020.05.19 00:04:28 WARN  no build target for: /home/kevin/Documents/dynmicFormReact/app/controllers/HomeController.scala
2020.05.19 00:04:30 WARN  no build target for: /home/kevin/Documents/dynmicFormReact/app/controllers/HomeController.scala
2020.05.19 00:04:35 WARN  no build target for: /home/kevin/Documents/dynmicFormReact/app/controllers/HomeController.scala
2020.05.19 09:39:29 WARN  code navigation does not work for the file '/home/kevin/Documents/dynmicFormReact/app/controllers/HomeController.scala' because it doesn't belong to a build target.
2020.05.19 09:39:39 WARN  no build target for: /home/kevin/Documents/dynmicFormReact/app/controllers/HomeController.scala
2020.05.19 09:39:42 WARN  no build target for: /home/kevin/Documents/dynmicFormReact/app/controllers/HomeController.scala
2020.05.19 09:39:44 WARN  no build target for: /home/kevin/Documents/dynmicFormReact/app/controllers/HomeController.scala
2020.05.19 09:39:53 WARN  no build target for: /home/kevin/Documents/dynmicFormReact/app/controllers/HomeController.scala
2020.05.19 09:39:57 WARN  no build target for: /home/kevin/Documents/dynmicFormReact/app/controllers/HomeController.scala
2020.05.19 09:40:00 WARN  no build target for: /home/kevin/Documents/dynmicFormReact/app/controllers/HomeController.scala
2020.05.19 09:40:10 WARN  no build target for: /home/kevin/Documents/dynmicFormReact/app/controllers/HomeController.scala
2020.05.19 09:40:14 WARN  no build target for: /home/kevin/Documents/dynmicFormReact/app/controllers/HomeController.scala
2020.05.19 09:40:17 WARN  no build target for: /home/kevin/Documents/dynmicFormReact/app/controllers/HomeController.scala
2020.05.19 09:40:19 WARN  no build target for: /home/kevin/Documents/dynmicFormReact/app/controllers/HomeController.scala
2020.05.19 09:40:36 WARN  no build target for: /home/kevin/Documents/dynmicFormReact/app/controllers/HomeController.scala
2020.05.19 09:40:39 WARN  no build target for: /home/kevin/Documents/dynmicFormReact/app/controllers/HomeController.scala
2020.05.19 09:40:41 WARN  no build target for: /home/kevin/Documents/dynmicFormReact/app/controllers/HomeController.scala
2020.05.19 09:40:44 WARN  no build target for: /home/kevin/Documents/dynmicFormReact/app/controllers/HomeController.scala
2020.05.19 09:40:47 WARN  no build target for: /home/kevin/Documents/dynmicFormReact/app/controllers/HomeController.scala
2020.05.19 09:40:51 WARN  no build target for: /home/kevin/Documents/dynmicFormReact/app/controllers/HomeController.scala
2020.05.19 09:40:56 WARN  no build target for: /home/kevin/Documents/dynmicFormReact/app/controllers/HomeController.scala
2020.05.19 09:41:02 WARN  no build target for: /home/kevin/Documents/dynmicFormReact/app/controllers/HomeController.scala
2020.05.19 09:41:02 WARN  no build target for: /home/kevin/Documents/dynmicFormReact/app/controllers/HomeController.scala
2020.05.19 09:41:02 WARN  no build target for: /home/kevin/Documents/dynmicFormReact/app/controllers/HomeController.scala
2020.05.19 09:41:02 WARN  no build target for: /home/kevin/Documents/dynmicFormReact/app/controllers/HomeController.scala
2020.05.19 09:41:03 WARN  no build target for: /home/kevin/Documents/dynmicFormReact/app/controllers/HomeController.scala
2020.05.19 09:41:03 WARN  no build target for: /home/kevin/Documents/dynmicFormReact/app/controllers/HomeController.scala
2020.05.19 09:41:03 WARN  no build target for: /home/kevin/Documents/dynmicFormReact/app/controllers/HomeController.scala
2020.05.19 09:41:03 WARN  no build target for: /home/kevin/Documents/dynmicFormReact/app/controllers/HomeController.scala
2020.05.19 09:41:03 WARN  no build target for: /home/kevin/Documents/dynmicFormReact/app/controllers/HomeController.scala
2020.05.19 09:41:03 WARN  no build target for: /home/kevin/Documents/dynmicFormReact/app/controllers/HomeController.scala
2020.05.19 09:41:04 WARN  no build target for: /home/kevin/Documents/dynmicFormReact/app/controllers/HomeController.scala
2020.05.19 09:41:04 WARN  no build target for: /home/kevin/Documents/dynmicFormReact/app/controllers/HomeController.scala
2020.05.19 09:41:04 WARN  no build target for: /home/kevin/Documents/dynmicFormReact/app/controllers/HomeController.scala
2020.05.19 09:41:04 WARN  no build target for: /home/kevin/Documents/dynmicFormReact/app/controllers/HomeController.scala
2020.05.19 09:41:04 WARN  no build target for: /home/kevin/Documents/dynmicFormReact/app/controllers/HomeController.scala
2020.05.19 09:41:04 WARN  no build target for: /home/kevin/Documents/dynmicFormReact/app/controllers/HomeController.scala
2020.05.19 09:41:06 WARN  no build target for: /home/kevin/Documents/dynmicFormReact/app/controllers/HomeController.scala
2020.05.19 09:48:44 WARN  no build target for: /home/kevin/Documents/dynmicFormReact/app/controllers/HomeController.scala
2020.05.19 09:49:19 WARN  no build target for: /home/kevin/Documents/dynmicFormReact/app/controllers/HomeController.scala
2020.05.19 09:49:23 WARN  no build target for: /home/kevin/Documents/dynmicFormReact/app/controllers/HomeController.scala
2020.05.19 09:49:28 WARN  no build target for: /home/kevin/Documents/dynmicFormReact/app/controllers/HomeController.scala
2020.05.19 09:49:32 WARN  no build target for: /home/kevin/Documents/dynmicFormReact/app/controllers/HomeController.scala
2020.05.19 09:49:37 WARN  no build target for: /home/kevin/Documents/dynmicFormReact/app/controllers/HomeController.scala
2020.05.19 09:49:40 WARN  no build target for: /home/kevin/Documents/dynmicFormReact/app/controllers/HomeController.scala
2020.05.19 09:49:40 WARN  no build target for: /home/kevin/Documents/dynmicFormReact/app/controllers/HomeController.scala
2020.05.19 09:49:53 WARN  no build target for: /home/kevin/Documents/dynmicFormReact/app/model/person.scala
2020.05.19 09:49:59 WARN  no build target for: /home/kevin/Documents/dynmicFormReact/app/model/person.scala
2020.05.19 09:50:03 WARN  no build target for: /home/kevin/Documents/dynmicFormReact/app/model/person.scala
2020.05.19 09:50:09 WARN  no build target for: /home/kevin/Documents/dynmicFormReact/app/model/person.scala
2020.05.19 09:50:14 WARN  no build target for: /home/kevin/Documents/dynmicFormReact/app/model/person.scala
2020.05.19 09:50:20 WARN  no build target for: /home/kevin/Documents/dynmicFormReact/app/model/person.scala
2020.05.19 09:50:24 WARN  no build target for: /home/kevin/Documents/dynmicFormReact/app/model/person.scala
2020.05.19 09:50:26 WARN  no build target for: /home/kevin/Documents/dynmicFormReact/app/model/person.scala
2020.05.19 09:50:29 WARN  no build target for: /home/kevin/Documents/dynmicFormReact/app/model/person.scala
2020.05.19 09:50:30 WARN  no build target for: /home/kevin/Documents/dynmicFormReact/app/model/person.scala
2020.05.19 09:50:33 WARN  no build target for: /home/kevin/Documents/dynmicFormReact/app/model/person.scala
2020.05.19 09:50:37 WARN  no build target for: /home/kevin/Documents/dynmicFormReact/app/model/person.scala
2020.05.19 09:50:39 WARN  no build target for: /home/kevin/Documents/dynmicFormReact/app/model/person.scala
2020.05.19 09:50:40 WARN  no build target for: /home/kevin/Documents/dynmicFormReact/app/model/person.scala
2020.05.19 09:50:42 WARN  no build target for: /home/kevin/Documents/dynmicFormReact/app/model/person.scala
2020.05.19 09:52:30 WARN  no build target for: /home/kevin/Documents/dynmicFormReact/app/controllers/HomeController.scala
2020.05.19 09:52:35 WARN  no build target for: /home/kevin/Documents/dynmicFormReact/app/controllers/HomeController.scala
2020.05.19 09:52:36 WARN  no build target for: /home/kevin/Documents/dynmicFormReact/app/controllers/HomeController.scala
2020.05.19 09:52:39 WARN  no build target for: /home/kevin/Documents/dynmicFormReact/app/controllers/HomeController.scala
2020.05.19 09:52:42 WARN  no build target for: /home/kevin/Documents/dynmicFormReact/app/controllers/HomeController.scala
2020.05.19 09:52:48 WARN  no build target for: /home/kevin/Documents/dynmicFormReact/app/controllers/HomeController.scala
2020.05.19 09:52:48 WARN  no build target for: /home/kevin/Documents/dynmicFormReact/app/controllers/HomeController.scala
2020.05.19 09:52:48 WARN  no build target for: /home/kevin/Documents/dynmicFormReact/app/controllers/HomeController.scala
2020.05.19 09:52:48 WARN  no build target for: /home/kevin/Documents/dynmicFormReact/app/controllers/HomeController.scala
2020.05.19 09:56:48 WARN  no build target for: /home/kevin/Documents/dynmicFormReact/app/controllers/HomeController.scala
2020.05.19 09:56:52 WARN  no build target for: /home/kevin/Documents/dynmicFormReact/app/controllers/HomeController.scala
2020.05.19 09:57:23 WARN  no build target for: /home/kevin/Documents/dynmicFormReact/app/controllers/HomeController.scala
2020.05.19 09:57:27 WARN  no build target for: /home/kevin/Documents/dynmicFormReact/app/controllers/HomeController.scala
2020.05.19 09:57:29 WARN  no build target for: /home/kevin/Documents/dynmicFormReact/app/controllers/HomeController.scala
2020.05.19 09:57:31 WARN  no build target for: /home/kevin/Documents/dynmicFormReact/app/controllers/HomeController.scala
2020.05.19 10:17:24 WARN  no build target for: /home/kevin/Documents/dynmicFormReact/app/controllers/HomeController.scala
2020.05.19 10:17:29 WARN  no build target for: /home/kevin/Documents/dynmicFormReact/app/controllers/HomeController.scala
2020.05.19 10:17:31 WARN  no build target for: /home/kevin/Documents/dynmicFormReact/app/controllers/HomeController.scala
2020.05.19 10:17:42 WARN  no build target for: /home/kevin/Documents/dynmicFormReact/app/controllers/HomeController.scala
2020.05.19 10:17:43 WARN  no build target for: /home/kevin/Documents/dynmicFormReact/app/controllers/HomeController.scala
2020.05.19 10:17:44 WARN  no build target for: /home/kevin/Documents/dynmicFormReact/app/controllers/HomeController.scala
2020.05.19 10:17:44 WARN  no build target for: /home/kevin/Documents/dynmicFormReact/app/controllers/HomeController.scala
2020.05.19 10:22:07 WARN  no build target for: /home/kevin/Documents/dynmicFormReact/app/controllers/HomeController.scala
2020.05.19 10:22:07 WARN  no build target for: /home/kevin/Documents/dynmicFormReact/app/controllers/HomeController.scala
2020.05.19 10:22:26 WARN  no build target for: /home/kevin/Documents/dynmicFormReact/app/controllers/HomeController.scala
2020.05.19 10:23:17 WARN  no build target for: /home/kevin/Documents/dynmicFormReact/app/controllers/HomeController.scala
2020.05.19 10:23:18 WARN  no build target for: /home/kevin/Documents/dynmicFormReact/app/controllers/HomeController.scala
2020.05.19 10:23:22 WARN  no build target for: /home/kevin/Documents/dynmicFormReact/app/controllers/HomeController.scala
2020.05.19 10:23:25 WARN  no build target for: /home/kevin/Documents/dynmicFormReact/app/controllers/HomeController.scala
2020.05.19 10:23:27 WARN  no build target for: /home/kevin/Documents/dynmicFormReact/app/controllers/HomeController.scala
2020.05.19 10:23:57 WARN  no build target for: /home/kevin/Documents/dynmicFormReact/app/controllers/HomeController.scala
2020.05.19 10:24:14 WARN  no build target for: /home/kevin/Documents/dynmicFormReact/app/controllers/HomeController.scala
2020.05.19 10:24:55 WARN  no build target for: /home/kevin/Documents/dynmicFormReact/app/controllers/HomeController.scala
2020.05.19 10:24:58 WARN  no build target for: /home/kevin/Documents/dynmicFormReact/app/controllers/HomeController.scala
2020.05.19 10:24:59 WARN  no build target for: /home/kevin/Documents/dynmicFormReact/app/controllers/HomeController.scala
2020.05.19 10:25:00 WARN  no build target for: /home/kevin/Documents/dynmicFormReact/app/controllers/HomeController.scala
2020.05.19 10:25:06 WARN  no build target for: /home/kevin/Documents/dynmicFormReact/app/controllers/HomeController.scala
2020.05.19 10:25:10 WARN  no build target for: /home/kevin/Documents/dynmicFormReact/app/controllers/HomeController.scala
2020.05.19 10:25:50 WARN  no build target for: /home/kevin/Documents/dynmicFormReact/app/controllers/HomeController.scala
2020.05.19 10:25:58 WARN  no build target for: /home/kevin/Documents/dynmicFormReact/app/controllers/HomeController.scala
2020.05.19 10:26:03 WARN  no build target for: /home/kevin/Documents/dynmicFormReact/app/controllers/HomeController.scala
2020.05.19 10:26:06 WARN  no build target for: /home/kevin/Documents/dynmicFormReact/app/controllers/HomeController.scala
2020.05.19 10:26:07 WARN  no build target for: /home/kevin/Documents/dynmicFormReact/app/controllers/HomeController.scala
2020.05.19 10:26:10 WARN  no build target for: /home/kevin/Documents/dynmicFormReact/app/controllers/HomeController.scala
2020.05.19 10:27:33 WARN  code navigation does not work for the file '/home/kevin/Documents/dynmicFormReact/app/controllers/HomeController.scala' because it doesn't belong to a build target.
2020.05.19 10:27:35 WARN  code navigation does not work for the file '/home/kevin/Documents/dynmicFormReact/app/controllers/HomeController.scala' because it doesn't belong to a build target.
2020.05.19 10:28:36 WARN  code navigation does not work for the file '/home/kevin/Documents/dynmicFormReact/app/controllers/HomeController.scala' because it doesn't belong to a build target.
2020.05.19 11:10:59 WARN  code navigation does not work for the file '/home/kevin/Documents/dynmicFormReact/app/controllers/HomeController.scala' because it doesn't belong to a build target.
2020.05.19 11:11:18 WARN  no build target for: /home/kevin/Documents/dynmicFormReact/app/controllers/HomeController.scala
2020.05.19 11:11:34 WARN  no build target for: /home/kevin/Documents/dynmicFormReact/app/controllers/HomeController.scala
2020.05.19 11:11:36 WARN  no build target for: /home/kevin/Documents/dynmicFormReact/app/controllers/HomeController.scala
2020.05.19 11:11:39 WARN  no build target for: /home/kevin/Documents/dynmicFormReact/app/controllers/HomeController.scala
2020.05.19 11:11:41 WARN  no build target for: /home/kevin/Documents/dynmicFormReact/app/controllers/HomeController.scala
2020.05.19 11:12:00 WARN  no build target for: /home/kevin/Documents/dynmicFormReact/app/controllers/HomeController.scala
2020.05.19 11:12:12 WARN  no build target for: /home/kevin/Documents/dynmicFormReact/app/model/person.scala
2020.05.19 11:12:15 WARN  no build target for: /home/kevin/Documents/dynmicFormReact/app/model/person.scala
2020.05.19 11:12:23 WARN  no build target for: /home/kevin/Documents/dynmicFormReact/app/model/person.scala
2020.05.19 11:12:28 WARN  no build target for: /home/kevin/Documents/dynmicFormReact/app/model/person.scala
2020.05.19 11:12:30 WARN  no build target for: /home/kevin/Documents/dynmicFormReact/app/model/person.scala
2020.05.19 11:12:33 WARN  no build target for: /home/kevin/Documents/dynmicFormReact/app/model/person.scala
2020.05.19 11:12:37 WARN  no build target for: /home/kevin/Documents/dynmicFormReact/app/model/person.scala
2020.05.19 11:12:39 WARN  no build target for: /home/kevin/Documents/dynmicFormReact/app/model/person.scala
2020.05.19 11:12:43 WARN  no build target for: /home/kevin/Documents/dynmicFormReact/app/model/person.scala
2020.05.19 11:13:55 WARN  no build target for: /home/kevin/Documents/dynmicFormReact/app/controllers/FrontendController.scala
2020.05.19 11:45:20 WARN  no build target for: /home/kevin/Documents/dynmicFormReact/app/controllers/HomeController.scala
2020.05.19 11:45:22 WARN  no build target for: /home/kevin/Documents/dynmicFormReact/app/controllers/HomeController.scala
2020.05.19 11:45:27 WARN  no build target for: /home/kevin/Documents/dynmicFormReact/app/controllers/HomeController.scala
2020.05.19 11:45:32 WARN  no build target for: /home/kevin/Documents/dynmicFormReact/app/controllers/HomeController.scala
2020.05.19 11:45:39 WARN  no build target for: /home/kevin/Documents/dynmicFormReact/app/controllers/HomeController.scala
2020.05.19 11:45:44 WARN  no build target for: /home/kevin/Documents/dynmicFormReact/app/controllers/HomeController.scala
2020.05.19 11:45:45 WARN  no build target for: /home/kevin/Documents/dynmicFormReact/app/controllers/HomeController.scala
2020.05.19 11:46:00 WARN  no build target for: /home/kevin/Documents/dynmicFormReact/app/controllers/HomeController.scala
2020.05.19 11:46:20 WARN  no build target for: /home/kevin/Documents/dynmicFormReact/app/controllers/HomeController.scala
2020.05.19 11:47:14 WARN  no build target for: /home/kevin/Documents/dynmicFormReact/app/controllers/HomeController.scala
2020.05.19 11:55:24 WARN  no build target for: /home/kevin/Documents/dynmicFormReact/app/controllers/HomeController.scala
2020.05.19 11:55:26 WARN  no build target for: /home/kevin/Documents/dynmicFormReact/app/controllers/HomeController.scala
2020.05.19 11:55:31 WARN  no build target for: /home/kevin/Documents/dynmicFormReact/app/controllers/HomeController.scala
2020.05.19 11:55:35 WARN  no build target for: /home/kevin/Documents/dynmicFormReact/app/controllers/HomeController.scala
2020.05.19 11:55:40 WARN  no build target for: /home/kevin/Documents/dynmicFormReact/app/controllers/HomeController.scala
2020.05.19 11:55:44 WARN  no build target for: /home/kevin/Documents/dynmicFormReact/app/controllers/HomeController.scala
2020.05.19 11:56:02 WARN  code navigation does not work for the file '/home/kevin/Documents/dynmicFormReact/app/controllers/HomeController.scala' because it doesn't belong to a build target.
2020.05.19 12:18:53 WARN  no build target for: /home/kevin/Documents/dynmicFormReact/app/controllers/HomeController.scala
2020.05.19 12:18:55 WARN  no build target for: /home/kevin/Documents/dynmicFormReact/app/controllers/HomeController.scala
2020.05.19 12:19:31 WARN  no build target for: /home/kevin/Documents/dynmicFormReact/app/controllers/HomeController.scala
2020.05.19 12:19:36 WARN  no build target for: /home/kevin/Documents/dynmicFormReact/app/controllers/HomeController.scala
2020.05.19 12:19:39 WARN  no build target for: /home/kevin/Documents/dynmicFormReact/app/controllers/HomeController.scala
2020.05.19 12:20:02 WARN  no build target for: /home/kevin/Documents/dynmicFormReact/app/controllers/HomeController.scala
2020.05.19 12:56:30 WARN  no build target for: /home/kevin/Documents/dynmicFormReact/app/controllers/HomeController.scala
2020.05.19 12:56:48 WARN  no build target for: /home/kevin/Documents/dynmicFormReact/app/controllers/HomeController.scala
2020.05.19 12:57:01 WARN  no build target for: /home/kevin/Documents/dynmicFormReact/app/controllers/HomeController.scala
2020.05.19 12:57:04 WARN  no build target for: /home/kevin/Documents/dynmicFormReact/app/controllers/HomeController.scala
2020.05.19 12:57:08 WARN  no build target for: /home/kevin/Documents/dynmicFormReact/app/controllers/HomeController.scala
2020.05.19 12:57:09 WARN  no build target for: /home/kevin/Documents/dynmicFormReact/app/controllers/HomeController.scala
2020.05.19 12:57:12 WARN  no build target for: /home/kevin/Documents/dynmicFormReact/app/controllers/HomeController.scala
2020.05.19 12:57:13 WARN  no build target for: /home/kevin/Documents/dynmicFormReact/app/controllers/HomeController.scala
2020.05.19 12:57:19 WARN  no build target for: /home/kevin/Documents/dynmicFormReact/app/controllers/HomeController.scala
2020.05.19 12:57:21 WARN  no build target for: /home/kevin/Documents/dynmicFormReact/app/controllers/HomeController.scala
2020.05.19 12:57:36 WARN  no build target for: /home/kevin/Documents/dynmicFormReact/app/controllers/HomeController.scala
2020.05.19 12:57:44 WARN  no build target for: /home/kevin/Documents/dynmicFormReact/app/controllers/HomeController.scala
2020.05.19 12:57:44 WARN  no build target for: /home/kevin/Documents/dynmicFormReact/app/controllers/HomeController.scala
2020.05.19 12:57:44 WARN  no build target for: /home/kevin/Documents/dynmicFormReact/app/controllers/HomeController.scala
2020.05.19 12:57:44 WARN  no build target for: /home/kevin/Documents/dynmicFormReact/app/controllers/HomeController.scala
2020.05.19 12:57:53 WARN  no build target for: /home/kevin/Documents/dynmicFormReact/app/controllers/HomeController.scala
2020.05.19 12:57:53 WARN  no build target for: /home/kevin/Documents/dynmicFormReact/app/controllers/HomeController.scala
May 19, 2020 1:13:12 PM org.eclipse.lsp4j.jsonrpc.RemoteEndpoint handleCancellation
WARNING: Unmatched cancel notification for request id 2848
2020.05.19 13:13:17 WARN  no build target for: /home/kevin/Documents/dynmicFormReact/app/controllers/HomeController.scala
2020.05.19 13:13:24 WARN  code navigation does not work for the file '/home/kevin/Documents/dynmicFormReact/app/controllers/HomeController.scala' because it doesn't belong to a build target.
2020.05.19 13:56:17 WARN  no build target for: /home/kevin/Documents/dynmicFormReact/app/controllers/HomeController.scala
2020.05.19 13:56:20 WARN  no build target for: /home/kevin/Documents/dynmicFormReact/app/controllers/HomeController.scala
2020.05.19 13:56:26 WARN  no build target for: /home/kevin/Documents/dynmicFormReact/app/controllers/HomeController.scala
2020.05.19 13:56:30 WARN  no build target for: /home/kevin/Documents/dynmicFormReact/app/controllers/HomeController.scala
2020.05.19 13:56:36 WARN  no build target for: /home/kevin/Documents/dynmicFormReact/app/controllers/HomeController.scala
2020.05.19 13:56:43 WARN  no build target for: /home/kevin/Documents/dynmicFormReact/app/controllers/HomeController.scala
2020.05.19 13:56:46 WARN  no build target for: /home/kevin/Documents/dynmicFormReact/app/controllers/HomeController.scala
2020.05.19 13:56:50 WARN  no build target for: /home/kevin/Documents/dynmicFormReact/app/controllers/HomeController.scala
2020.05.19 13:56:57 WARN  no build target for: /home/kevin/Documents/dynmicFormReact/app/controllers/HomeController.scala
2020.05.19 13:57:03 WARN  no build target for: /home/kevin/Documents/dynmicFormReact/app/controllers/HomeController.scala
2020.05.19 13:57:03 WARN  no build target for: /home/kevin/Documents/dynmicFormReact/app/controllers/HomeController.scala
2020.05.19 13:57:12 WARN  no build target for: /home/kevin/Documents/dynmicFormReact/app/controllers/HomeController.scala
2020.05.19 13:57:12 WARN  no build target for: /home/kevin/Documents/dynmicFormReact/app/controllers/HomeController.scala
2020.05.19 13:57:24 WARN  no build target for: /home/kevin/Documents/dynmicFormReact/app/model/person.scala
2020.05.19 13:57:27 WARN  no build target for: /home/kevin/Documents/dynmicFormReact/app/model/person.scala
2020.05.19 13:57:31 WARN  no build target for: /home/kevin/Documents/dynmicFormReact/app/model/person.scala
2020.05.19 13:57:44 WARN  no build target for: /home/kevin/Documents/dynmicFormReact/app/model/person.scala
2020.05.19 13:57:44 WARN  no build target for: /home/kevin/Documents/dynmicFormReact/app/model/person.scala
2020.05.19 13:57:44 WARN  no build target for: /home/kevin/Documents/dynmicFormReact/app/model/person.scala
2020.05.19 13:57:44 WARN  no build target for: /home/kevin/Documents/dynmicFormReact/app/model/person.scala
2020.05.19 13:57:44 WARN  no build target for: /home/kevin/Documents/dynmicFormReact/app/model/person.scala
2020.05.19 13:57:44 WARN  no build target for: /home/kevin/Documents/dynmicFormReact/app/model/person.scala
2020.05.19 13:57:44 WARN  no build target for: /home/kevin/Documents/dynmicFormReact/app/model/person.scala
2020.05.19 13:57:45 WARN  no build target for: /home/kevin/Documents/dynmicFormReact/app/model/person.scala
2020.05.19 16:43:49 WARN  code navigation does not work for the file '/home/kevin/Documents/dynmicFormReact/app/controllers/HomeController.scala' because it doesn't belong to a build target.
2020.05.19 17:29:50 WARN  code navigation does not work for the file '/home/kevin/Documents/dynmicFormReact/app/controllers/HomeController.scala' because it doesn't belong to a build target.
2020.05.19 17:36:14 WARN  code navigation does not work for the file '/home/kevin/Documents/dynmicFormReact/app/controllers/HomeController.scala' because it doesn't belong to a build target.
2020.05.19 18:11:44 WARN  code navigation does not work for the file '/home/kevin/Documents/dynmicFormReact/app/controllers/HomeController.scala' because it doesn't belong to a build target.
2020.05.19 18:12:09 WARN  code navigation does not work for the file '/home/kevin/Documents/dynmicFormReact/app/controllers/HomeController.scala' because it doesn't belong to a build target.
2020.05.19 18:12:24 WARN  code navigation does not work for the file '/home/kevin/Documents/dynmicFormReact/app/controllers/HomeController.scala' because it doesn't belong to a build target.
2020.05.19 18:20:12 WARN  code navigation does not work for the file '/home/kevin/Documents/dynmicFormReact/app/controllers/HomeController.scala' because it doesn't belong to a build target.
2020.05.20 09:47:51 WARN  no build target for: /home/kevin/Documents/dynmicFormReact/app/controllers/HomeController.scala
2020.05.20 09:47:55 WARN  no build target for: /home/kevin/Documents/dynmicFormReact/app/controllers/HomeController.scala
2020.05.20 09:47:57 WARN  no build target for: /home/kevin/Documents/dynmicFormReact/app/controllers/HomeController.scala
2020.05.20 09:48:02 WARN  no build target for: /home/kevin/Documents/dynmicFormReact/app/controllers/HomeController.scala
2020.05.20 09:48:27 WARN  no build target for: /home/kevin/Documents/dynmicFormReact/app/controllers/HomeController.scala
2020.05.20 09:48:30 WARN  no build target for: /home/kevin/Documents/dynmicFormReact/app/controllers/HomeController.scala
2020.05.20 09:48:32 WARN  no build target for: /home/kevin/Documents/dynmicFormReact/app/controllers/HomeController.scala
2020.05.20 09:48:34 WARN  no build target for: /home/kevin/Documents/dynmicFormReact/app/controllers/HomeController.scala
2020.05.20 09:48:37 WARN  no build target for: /home/kevin/Documents/dynmicFormReact/app/controllers/HomeController.scala
2020.05.20 09:48:39 WARN  no build target for: /home/kevin/Documents/dynmicFormReact/app/controllers/HomeController.scala
2020.05.20 09:48:41 WARN  no build target for: /home/kevin/Documents/dynmicFormReact/app/controllers/HomeController.scala
2020.05.20 09:48:43 WARN  no build target for: /home/kevin/Documents/dynmicFormReact/app/controllers/HomeController.scala
2020.05.20 09:48:49 WARN  no build target for: /home/kevin/Documents/dynmicFormReact/app/controllers/HomeController.scala
2020.05.20 09:48:52 WARN  no build target for: /home/kevin/Documents/dynmicFormReact/app/controllers/HomeController.scala
2020.05.20 09:49:45 WARN  no build target for: /home/kevin/Documents/dynmicFormReact/app/controllers/HomeController.scala
2020.05.20 09:50:34 WARN  code navigation does not work for the file '/home/kevin/Documents/dynmicFormReact/app/controllers/HomeController.scala' because it doesn't belong to a build target.
May 20, 2020 10:09:19 AM org.eclipse.lsp4j.jsonrpc.RemoteEndpoint handleCancellation
WARNING: Unmatched cancel notification for request id 3543
2020.05.20 11:03:10 WARN  no build target for: /home/kevin/Documents/dynmicFormReact/app/controllers/HomeController.scala
2020.05.20 11:03:16 WARN  no build target for: /home/kevin/Documents/dynmicFormReact/app/controllers/HomeController.scala
2020.05.20 11:03:22 WARN  no build target for: /home/kevin/Documents/dynmicFormReact/app/controllers/HomeController.scala
2020.05.20 11:03:26 WARN  no build target for: /home/kevin/Documents/dynmicFormReact/app/controllers/HomeController.scala
2020.05.20 11:03:29 WARN  no build target for: /home/kevin/Documents/dynmicFormReact/app/controllers/HomeController.scala
2020.05.20 11:03:34 WARN  no build target for: /home/kevin/Documents/dynmicFormReact/app/controllers/HomeController.scala
2020.05.20 11:03:42 WARN  no build target for: /home/kevin/Documents/dynmicFormReact/app/controllers/HomeController.scala
2020.05.20 11:03:46 WARN  no build target for: /home/kevin/Documents/dynmicFormReact/app/controllers/HomeController.scala
2020.05.20 11:03:48 WARN  no build target for: /home/kevin/Documents/dynmicFormReact/app/controllers/HomeController.scala
2020.05.20 11:03:48 WARN  no build target for: /home/kevin/Documents/dynmicFormReact/app/controllers/HomeController.scala
2020.05.20 11:03:49 WARN  no build target for: /home/kevin/Documents/dynmicFormReact/app/controllers/HomeController.scala
2020.05.20 11:03:49 WARN  no build target for: /home/kevin/Documents/dynmicFormReact/app/controllers/HomeController.scala
2020.05.20 11:03:49 WARN  no build target for: /home/kevin/Documents/dynmicFormReact/app/controllers/HomeController.scala
2020.05.20 11:03:49 WARN  no build target for: /home/kevin/Documents/dynmicFormReact/app/controllers/HomeController.scala
2020.05.20 11:03:49 WARN  no build target for: /home/kevin/Documents/dynmicFormReact/app/controllers/HomeController.scala
2020.05.20 11:03:51 WARN  no build target for: /home/kevin/Documents/dynmicFormReact/app/controllers/HomeController.scala
2020.05.20 11:03:51 WARN  no build target for: /home/kevin/Documents/dynmicFormReact/app/controllers/HomeController.scala
2020.05.20 11:03:51 WARN  no build target for: /home/kevin/Documents/dynmicFormReact/app/controllers/HomeController.scala
2020.05.20 11:03:51 WARN  no build target for: /home/kevin/Documents/dynmicFormReact/app/controllers/HomeController.scala
2020.05.20 11:03:51 WARN  no build target for: /home/kevin/Documents/dynmicFormReact/app/controllers/HomeController.scala
2020.05.20 11:03:51 WARN  no build target for: /home/kevin/Documents/dynmicFormReact/app/controllers/HomeController.scala
2020.05.20 11:03:54 WARN  no build target for: /home/kevin/Documents/dynmicFormReact/app/controllers/HomeController.scala
2020.05.20 11:03:54 WARN  no build target for: /home/kevin/Documents/dynmicFormReact/app/controllers/HomeController.scala
2020.05.20 11:03:54 WARN  no build target for: /home/kevin/Documents/dynmicFormReact/app/controllers/HomeController.scala
2020.05.20 11:03:54 WARN  no build target for: /home/kevin/Documents/dynmicFormReact/app/controllers/HomeController.scala
2020.05.20 11:03:54 WARN  no build target for: /home/kevin/Documents/dynmicFormReact/app/controllers/HomeController.scala
2020.05.20 11:03:54 WARN  no build target for: /home/kevin/Documents/dynmicFormReact/app/controllers/HomeController.scala
2020.05.20 11:03:59 WARN  no build target for: /home/kevin/Documents/dynmicFormReact/app/controllers/HomeController.scala
2020.05.20 11:04:09 WARN  no build target for: /home/kevin/Documents/dynmicFormReact/app/controllers/HomeController.scala
2020.05.20 11:04:10 WARN  no build target for: /home/kevin/Documents/dynmicFormReact/app/controllers/HomeController.scala
2020.05.20 11:04:14 WARN  no build target for: /home/kevin/Documents/dynmicFormReact/app/controllers/HomeController.scala
2020.05.20 11:04:18 WARN  no build target for: /home/kevin/Documents/dynmicFormReact/app/controllers/HomeController.scala
2020.05.20 11:04:20 WARN  no build target for: /home/kevin/Documents/dynmicFormReact/app/controllers/HomeController.scala
2020.05.20 11:04:24 WARN  no build target for: /home/kevin/Documents/dynmicFormReact/app/controllers/HomeController.scala
2020.05.20 11:04:25 WARN  no build target for: /home/kevin/Documents/dynmicFormReact/app/controllers/HomeController.scala
2020.05.20 11:04:28 WARN  no build target for: /home/kevin/Documents/dynmicFormReact/app/controllers/HomeController.scala
2020.05.20 11:04:28 WARN  no build target for: /home/kevin/Documents/dynmicFormReact/app/controllers/HomeController.scala
2020.05.20 11:04:28 WARN  no build target for: /home/kevin/Documents/dynmicFormReact/app/controllers/HomeController.scala
2020.05.20 11:04:28 WARN  no build target for: /home/kevin/Documents/dynmicFormReact/app/controllers/HomeController.scala
2020.05.20 11:04:28 WARN  no build target for: /home/kevin/Documents/dynmicFormReact/app/controllers/HomeController.scala
2020.05.20 11:04:28 WARN  no build target for: /home/kevin/Documents/dynmicFormReact/app/controllers/HomeController.scala
2020.05.20 11:04:28 WARN  no build target for: /home/kevin/Documents/dynmicFormReact/app/controllers/HomeController.scala
2020.05.20 11:04:30 WARN  no build target for: /home/kevin/Documents/dynmicFormReact/app/controllers/HomeController.scala
2020.05.20 11:04:30 WARN  no build target for: /home/kevin/Documents/dynmicFormReact/app/controllers/HomeController.scala
2020.05.20 11:04:30 WARN  no build target for: /home/kevin/Documents/dynmicFormReact/app/controllers/HomeController.scala
2020.05.20 11:04:30 WARN  no build target for: /home/kevin/Documents/dynmicFormReact/app/controllers/HomeController.scala
2020.05.20 11:04:30 WARN  no build target for: /home/kevin/Documents/dynmicFormReact/app/controllers/HomeController.scala
2020.05.20 11:04:30 WARN  no build target for: /home/kevin/Documents/dynmicFormReact/app/controllers/HomeController.scala
2020.05.20 11:04:31 WARN  no build target for: /home/kevin/Documents/dynmicFormReact/app/controllers/HomeController.scala
2020.05.20 11:04:31 WARN  no build target for: /home/kevin/Documents/dynmicFormReact/app/controllers/HomeController.scala
2020.05.20 11:04:48 WARN  no build target for: /home/kevin/Documents/dynmicFormReact/app/model/person.scala
2020.05.20 11:04:50 WARN  no build target for: /home/kevin/Documents/dynmicFormReact/app/model/person.scala
2020.05.20 11:04:51 WARN  no build target for: /home/kevin/Documents/dynmicFormReact/app/model/person.scala
2020.05.20 11:04:53 WARN  no build target for: /home/kevin/Documents/dynmicFormReact/app/model/person.scala
2020.05.20 11:04:55 WARN  no build target for: /home/kevin/Documents/dynmicFormReact/app/model/person.scala
2020.05.20 11:04:58 WARN  no build target for: /home/kevin/Documents/dynmicFormReact/app/model/person.scala
2020.05.20 11:05:01 WARN  no build target for: /home/kevin/Documents/dynmicFormReact/app/model/person.scala
2020.05.20 11:05:04 WARN  no build target for: /home/kevin/Documents/dynmicFormReact/app/model/person.scala
2020.05.20 11:05:06 WARN  no build target for: /home/kevin/Documents/dynmicFormReact/app/model/person.scala
2020.05.20 11:05:08 WARN  no build target for: /home/kevin/Documents/dynmicFormReact/app/model/person.scala
2020.05.20 11:05:12 WARN  no build target for: /home/kevin/Documents/dynmicFormReact/app/model/person.scala
2020.05.20 11:05:13 WARN  no build target for: /home/kevin/Documents/dynmicFormReact/app/model/person.scala
2020.05.20 11:05:15 WARN  no build target for: /home/kevin/Documents/dynmicFormReact/app/model/person.scala
2020.05.20 11:05:16 WARN  no build target for: /home/kevin/Documents/dynmicFormReact/app/model/person.scala
2020.05.20 11:05:18 WARN  no build target for: /home/kevin/Documents/dynmicFormReact/app/model/person.scala
2020.05.20 11:05:24 WARN  no build target for: /home/kevin/Documents/dynmicFormReact/app/model/person.scala
2020.05.20 11:05:25 WARN  no build target for: /home/kevin/Documents/dynmicFormReact/app/model/person.scala
2020.05.20 11:05:28 WARN  no build target for: /home/kevin/Documents/dynmicFormReact/app/model/person.scala
2020.05.20 11:05:32 WARN  no build target for: /home/kevin/Documents/dynmicFormReact/app/model/person.scala
2020.05.20 11:05:33 WARN  no build target for: /home/kevin/Documents/dynmicFormReact/app/model/person.scala
2020.05.20 11:05:35 WARN  no build target for: /home/kevin/Documents/dynmicFormReact/app/model/person.scala
2020.05.20 11:05:42 WARN  no build target for: /home/kevin/Documents/dynmicFormReact/app/model/person.scala
2020.05.20 11:05:45 WARN  no build target for: /home/kevin/Documents/dynmicFormReact/app/model/person.scala
2020.05.20 11:05:50 WARN  no build target for: /home/kevin/Documents/dynmicFormReact/app/model/person.scala
2020.05.20 11:05:54 WARN  no build target for: /home/kevin/Documents/dynmicFormReact/app/model/person.scala
2020.05.20 11:05:57 WARN  no build target for: /home/kevin/Documents/dynmicFormReact/app/model/person.scala
2020.05.20 11:06:01 WARN  no build target for: /home/kevin/Documents/dynmicFormReact/app/model/person.scala
2020.05.20 11:06:04 WARN  no build target for: /home/kevin/Documents/dynmicFormReact/app/model/person.scala
2020.05.20 11:06:16 WARN  no build target for: /home/kevin/Documents/dynmicFormReact/app/model/person.scala
2020.05.20 11:06:20 WARN  no build target for: /home/kevin/Documents/dynmicFormReact/app/model/person.scala
2020.05.20 11:06:22 WARN  no build target for: /home/kevin/Documents/dynmicFormReact/app/model/person.scala
2020.05.20 11:06:25 WARN  no build target for: /home/kevin/Documents/dynmicFormReact/app/model/person.scala
2020.05.20 11:06:26 WARN  no build target for: /home/kevin/Documents/dynmicFormReact/app/model/person.scala
2020.05.20 11:06:36 WARN  no build target for: /home/kevin/Documents/dynmicFormReact/app/model/person.scala
2020.05.20 11:06:39 WARN  no build target for: /home/kevin/Documents/dynmicFormReact/app/model/person.scala
2020.05.20 11:06:41 WARN  no build target for: /home/kevin/Documents/dynmicFormReact/app/model/person.scala
2020.05.20 11:06:43 WARN  no build target for: /home/kevin/Documents/dynmicFormReact/app/model/person.scala
2020.05.20 11:06:45 WARN  no build target for: /home/kevin/Documents/dynmicFormReact/app/model/person.scala
2020.05.20 11:06:47 WARN  no build target for: /home/kevin/Documents/dynmicFormReact/app/model/person.scala
2020.05.20 11:06:49 WARN  no build target for: /home/kevin/Documents/dynmicFormReact/app/model/person.scala
2020.05.20 11:06:51 WARN  no build target for: /home/kevin/Documents/dynmicFormReact/app/model/person.scala
2020.05.20 11:06:54 WARN  no build target for: /home/kevin/Documents/dynmicFormReact/app/model/person.scala
2020.05.20 11:07:01 WARN  no build target for: /home/kevin/Documents/dynmicFormReact/app/model/person.scala
2020.05.20 11:07:04 WARN  no build target for: /home/kevin/Documents/dynmicFormReact/app/model/person.scala
2020.05.20 11:07:07 WARN  no build target for: /home/kevin/Documents/dynmicFormReact/app/model/person.scala
2020.05.20 11:07:10 WARN  no build target for: /home/kevin/Documents/dynmicFormReact/app/model/person.scala
2020.05.20 11:07:13 WARN  no build target for: /home/kevin/Documents/dynmicFormReact/app/model/person.scala
2020.05.20 11:07:15 WARN  no build target for: /home/kevin/Documents/dynmicFormReact/app/model/person.scala
2020.05.20 11:07:16 WARN  no build target for: /home/kevin/Documents/dynmicFormReact/app/model/person.scala
2020.05.20 11:07:18 WARN  no build target for: /home/kevin/Documents/dynmicFormReact/app/model/person.scala
2020.05.20 11:07:20 WARN  no build target for: /home/kevin/Documents/dynmicFormReact/app/model/person.scala
2020.05.20 11:07:21 WARN  no build target for: /home/kevin/Documents/dynmicFormReact/app/model/person.scala
2020.05.20 11:07:23 WARN  no build target for: /home/kevin/Documents/dynmicFormReact/app/model/person.scala
2020.05.20 11:07:25 WARN  no build target for: /home/kevin/Documents/dynmicFormReact/app/model/person.scala
2020.05.20 11:07:34 WARN  no build target for: /home/kevin/Documents/dynmicFormReact/app/model/person.scala
2020.05.20 11:07:37 WARN  no build target for: /home/kevin/Documents/dynmicFormReact/app/model/person.scala
2020.05.20 11:07:40 WARN  no build target for: /home/kevin/Documents/dynmicFormReact/app/model/person.scala
2020.05.20 11:07:41 WARN  no build target for: /home/kevin/Documents/dynmicFormReact/app/model/person.scala
2020.05.20 11:07:48 WARN  no build target for: /home/kevin/Documents/dynmicFormReact/app/model/person.scala
2020.05.20 11:07:50 WARN  no build target for: /home/kevin/Documents/dynmicFormReact/app/model/person.scala
2020.05.20 11:07:55 WARN  no build target for: /home/kevin/Documents/dynmicFormReact/app/model/person.scala
2020.05.20 11:07:58 WARN  no build target for: /home/kevin/Documents/dynmicFormReact/app/model/person.scala
2020.05.20 11:07:58 WARN  no build target for: /home/kevin/Documents/dynmicFormReact/app/model/person.scala
2020.05.20 11:08:01 WARN  no build target for: /home/kevin/Documents/dynmicFormReact/app/model/person.scala
2020.05.20 11:08:05 WARN  no build target for: /home/kevin/Documents/dynmicFormReact/app/model/person.scala
2020.05.20 11:08:05 WARN  no build target for: /home/kevin/Documents/dynmicFormReact/app/model/person.scala
2020.05.20 11:08:06 WARN  no build target for: /home/kevin/Documents/dynmicFormReact/app/model/person.scala
2020.05.20 11:08:06 WARN  no build target for: /home/kevin/Documents/dynmicFormReact/app/model/person.scala
2020.05.20 11:08:08 WARN  no build target for: /home/kevin/Documents/dynmicFormReact/app/model/person.scala
2020.05.20 11:08:08 WARN  no build target for: /home/kevin/Documents/dynmicFormReact/app/model/person.scala
2020.05.20 11:08:09 WARN  no build target for: /home/kevin/Documents/dynmicFormReact/app/model/person.scala
2020.05.20 11:08:19 WARN  no build target for: /home/kevin/Documents/dynmicFormReact/app/model/person.scala
2020.05.20 11:08:19 WARN  no build target for: /home/kevin/Documents/dynmicFormReact/app/model/person.scala
2020.05.20 11:08:19 WARN  no build target for: /home/kevin/Documents/dynmicFormReact/app/model/person.scala
2020.05.20 11:08:20 WARN  no build target for: /home/kevin/Documents/dynmicFormReact/app/model/person.scala
2020.05.20 11:08:20 WARN  no build target for: /home/kevin/Documents/dynmicFormReact/app/model/person.scala
2020.05.20 11:08:20 WARN  no build target for: /home/kevin/Documents/dynmicFormReact/app/model/person.scala
2020.05.20 11:08:21 WARN  no build target for: /home/kevin/Documents/dynmicFormReact/app/model/person.scala
2020.05.20 11:08:21 WARN  no build target for: /home/kevin/Documents/dynmicFormReact/app/model/person.scala
2020.05.20 11:08:21 WARN  no build target for: /home/kevin/Documents/dynmicFormReact/app/model/person.scala
2020.05.20 11:08:21 WARN  no build target for: /home/kevin/Documents/dynmicFormReact/app/model/person.scala
2020.05.20 11:08:21 WARN  no build target for: /home/kevin/Documents/dynmicFormReact/app/model/person.scala
2020.05.20 11:08:21 WARN  no build target for: /home/kevin/Documents/dynmicFormReact/app/model/person.scala
2020.05.20 11:08:22 WARN  no build target for: /home/kevin/Documents/dynmicFormReact/app/model/person.scala
2020.05.20 11:08:22 WARN  no build target for: /home/kevin/Documents/dynmicFormReact/app/model/person.scala
2020.05.20 11:08:22 WARN  no build target for: /home/kevin/Documents/dynmicFormReact/app/model/person.scala
2020.05.20 11:08:22 WARN  no build target for: /home/kevin/Documents/dynmicFormReact/app/model/person.scala
2020.05.20 11:08:22 WARN  no build target for: /home/kevin/Documents/dynmicFormReact/app/model/person.scala
2020.05.20 11:08:22 WARN  no build target for: /home/kevin/Documents/dynmicFormReact/app/model/person.scala
2020.05.20 11:08:23 WARN  no build target for: /home/kevin/Documents/dynmicFormReact/app/model/person.scala
2020.05.20 11:08:23 WARN  no build target for: /home/kevin/Documents/dynmicFormReact/app/model/person.scala
2020.05.20 11:08:23 WARN  no build target for: /home/kevin/Documents/dynmicFormReact/app/model/person.scala
2020.05.20 11:08:23 WARN  no build target for: /home/kevin/Documents/dynmicFormReact/app/model/person.scala
2020.05.20 11:08:23 WARN  no build target for: /home/kevin/Documents/dynmicFormReact/app/model/person.scala
2020.05.20 11:08:24 WARN  no build target for: /home/kevin/Documents/dynmicFormReact/app/model/person.scala
2020.05.20 11:08:24 WARN  no build target for: /home/kevin/Documents/dynmicFormReact/app/model/person.scala
2020.05.20 11:08:24 WARN  no build target for: /home/kevin/Documents/dynmicFormReact/app/model/person.scala
2020.05.20 11:08:24 WARN  no build target for: /home/kevin/Documents/dynmicFormReact/app/model/person.scala
2020.05.20 11:08:24 WARN  no build target for: /home/kevin/Documents/dynmicFormReact/app/model/person.scala
2020.05.20 11:08:24 WARN  no build target for: /home/kevin/Documents/dynmicFormReact/app/model/person.scala
2020.05.20 11:08:25 WARN  no build target for: /home/kevin/Documents/dynmicFormReact/app/model/person.scala
2020.05.20 11:08:25 WARN  no build target for: /home/kevin/Documents/dynmicFormReact/app/model/person.scala
2020.05.20 11:08:25 WARN  no build target for: /home/kevin/Documents/dynmicFormReact/app/model/person.scala
2020.05.20 11:08:25 WARN  no build target for: /home/kevin/Documents/dynmicFormReact/app/model/person.scala
2020.05.20 11:08:25 WARN  no build target for: /home/kevin/Documents/dynmicFormReact/app/model/person.scala
2020.05.20 11:08:25 WARN  no build target for: /home/kevin/Documents/dynmicFormReact/app/model/person.scala
2020.05.20 11:08:27 WARN  no build target for: /home/kevin/Documents/dynmicFormReact/app/model/person.scala
2020.05.20 11:08:27 WARN  no build target for: /home/kevin/Documents/dynmicFormReact/app/model/person.scala
2020.05.20 11:08:27 WARN  no build target for: /home/kevin/Documents/dynmicFormReact/app/model/person.scala
2020.05.20 11:08:27 WARN  no build target for: /home/kevin/Documents/dynmicFormReact/app/model/person.scala
2020.05.20 11:08:27 WARN  no build target for: /home/kevin/Documents/dynmicFormReact/app/model/person.scala
2020.05.20 11:08:27 WARN  no build target for: /home/kevin/Documents/dynmicFormReact/app/model/person.scala
2020.05.20 11:08:27 WARN  no build target for: /home/kevin/Documents/dynmicFormReact/app/model/person.scala
2020.05.20 11:08:28 WARN  no build target for: /home/kevin/Documents/dynmicFormReact/app/model/person.scala
2020.05.20 11:08:28 WARN  no build target for: /home/kevin/Documents/dynmicFormReact/app/model/person.scala
2020.05.20 11:08:28 WARN  no build target for: /home/kevin/Documents/dynmicFormReact/app/model/person.scala
2020.05.20 11:08:28 WARN  no build target for: /home/kevin/Documents/dynmicFormReact/app/model/person.scala
2020.05.20 11:08:28 WARN  no build target for: /home/kevin/Documents/dynmicFormReact/app/model/person.scala
2020.05.20 11:08:29 WARN  no build target for: /home/kevin/Documents/dynmicFormReact/app/model/person.scala
2020.05.20 11:08:29 WARN  no build target for: /home/kevin/Documents/dynmicFormReact/app/model/person.scala
2020.05.20 11:08:29 WARN  no build target for: /home/kevin/Documents/dynmicFormReact/app/model/person.scala
2020.05.20 11:08:29 WARN  no build target for: /home/kevin/Documents/dynmicFormReact/app/model/person.scala
2020.05.20 11:08:29 WARN  no build target for: /home/kevin/Documents/dynmicFormReact/app/model/person.scala
2020.05.20 11:08:29 WARN  no build target for: /home/kevin/Documents/dynmicFormReact/app/model/person.scala
2020.05.20 11:08:29 WARN  no build target for: /home/kevin/Documents/dynmicFormReact/app/model/person.scala
2020.05.20 11:08:30 WARN  no build target for: /home/kevin/Documents/dynmicFormReact/app/model/person.scala
2020.05.20 11:08:30 WARN  no build target for: /home/kevin/Documents/dynmicFormReact/app/model/person.scala
2020.05.20 11:08:30 WARN  no build target for: /home/kevin/Documents/dynmicFormReact/app/model/person.scala
2020.05.20 11:08:30 WARN  no build target for: /home/kevin/Documents/dynmicFormReact/app/model/person.scala
2020.05.20 11:08:30 WARN  no build target for: /home/kevin/Documents/dynmicFormReact/app/model/person.scala
2020.05.20 11:08:30 WARN  no build target for: /home/kevin/Documents/dynmicFormReact/app/model/person.scala
2020.05.20 11:08:31 WARN  no build target for: /home/kevin/Documents/dynmicFormReact/app/model/person.scala
2020.05.20 11:08:31 WARN  no build target for: /home/kevin/Documents/dynmicFormReact/app/model/person.scala
2020.05.20 11:08:31 WARN  no build target for: /home/kevin/Documents/dynmicFormReact/app/model/person.scala
2020.05.20 11:08:35 WARN  no build target for: /home/kevin/Documents/dynmicFormReact/app/model/person.scala
2020.05.20 11:12:17 WARN  code navigation does not work for the file '/home/kevin/Documents/dynmicFormReact/app/controllers/HomeController.scala' because it doesn't belong to a build target.
2020.05.20 11:12:25 WARN  no build target for: /home/kevin/Documents/dynmicFormReact/app/controllers/HomeController.scala
2020.05.20 11:12:50 WARN  code navigation does not work for the file '/home/kevin/Documents/dynmicFormReact/app/controllers/HomeController.scala' because it doesn't belong to a build target.
2020.05.20 11:14:05 WARN  no build target for: /home/kevin/Documents/dynmicFormReact/app/controllers/HomeController.scala
2020.05.20 11:14:09 WARN  no build target for: /home/kevin/Documents/dynmicFormReact/app/controllers/HomeController.scala
2020.05.21 09:39:51 WARN  no build target for: /home/kevin/Documents/dynmicFormReact/app/controllers/HomeController.scala
2020.05.21 09:39:54 WARN  no build target for: /home/kevin/Documents/dynmicFormReact/app/controllers/HomeController.scala
2020.05.21 09:39:59 WARN  no build target for: /home/kevin/Documents/dynmicFormReact/app/controllers/HomeController.scala
2020.05.21 09:40:00 WARN  no build target for: /home/kevin/Documents/dynmicFormReact/app/controllers/HomeController.scala
2020.05.21 09:40:01 WARN  no build target for: /home/kevin/Documents/dynmicFormReact/app/controllers/HomeController.scala
2020.05.21 09:40:03 WARN  no build target for: /home/kevin/Documents/dynmicFormReact/app/controllers/HomeController.scala
2020.05.21 09:40:04 WARN  no build target for: /home/kevin/Documents/dynmicFormReact/app/controllers/HomeController.scala
2020.05.21 09:40:05 WARN  no build target for: /home/kevin/Documents/dynmicFormReact/app/controllers/HomeController.scala
2020.05.21 09:40:18 WARN  no build target for: /home/kevin/Documents/dynmicFormReact/app/controllers/HomeController.scala
2020.05.21 09:40:20 WARN  no build target for: /home/kevin/Documents/dynmicFormReact/app/controllers/HomeController.scala
2020.05.21 09:40:22 WARN  no build target for: /home/kevin/Documents/dynmicFormReact/app/controllers/HomeController.scala
2020.05.21 09:40:25 WARN  no build target for: /home/kevin/Documents/dynmicFormReact/app/controllers/HomeController.scala
2020.05.21 09:40:26 WARN  no build target for: /home/kevin/Documents/dynmicFormReact/app/controllers/HomeController.scala
2020.05.21 09:40:37 WARN  no build target for: /home/kevin/Documents/dynmicFormReact/app/controllers/HomeController.scala
2020.05.21 09:40:38 WARN  no build target for: /home/kevin/Documents/dynmicFormReact/app/controllers/HomeController.scala
2020.05.21 09:40:41 WARN  no build target for: /home/kevin/Documents/dynmicFormReact/app/controllers/HomeController.scala
2020.05.21 09:40:46 WARN  no build target for: /home/kevin/Documents/dynmicFormReact/app/controllers/HomeController.scala
2020.05.21 09:40:53 WARN  no build target for: /home/kevin/Documents/dynmicFormReact/app/controllers/HomeController.scala
2020.05.21 09:40:58 WARN  no build target for: /home/kevin/Documents/dynmicFormReact/app/controllers/HomeController.scala
2020.05.21 09:41:05 WARN  no build target for: /home/kevin/Documents/dynmicFormReact/app/controllers/HomeController.scala
2020.05.21 09:41:12 WARN  no build target for: /home/kevin/Documents/dynmicFormReact/app/model/person.scala
2020.05.21 09:41:15 WARN  no build target for: /home/kevin/Documents/dynmicFormReact/app/model/person.scala
2020.05.21 09:41:17 WARN  no build target for: /home/kevin/Documents/dynmicFormReact/app/model/person.scala
2020.05.21 09:41:18 WARN  no build target for: /home/kevin/Documents/dynmicFormReact/app/model/person.scala
2020.05.21 09:41:22 WARN  no build target for: /home/kevin/Documents/dynmicFormReact/app/model/person.scala
2020.05.21 09:41:24 WARN  no build target for: /home/kevin/Documents/dynmicFormReact/app/model/person.scala
2020.05.21 09:41:29 WARN  no build target for: /home/kevin/Documents/dynmicFormReact/app/model/person.scala
2020.05.21 09:41:33 WARN  no build target for: /home/kevin/Documents/dynmicFormReact/app/model/person.scala
2020.05.21 09:41:36 WARN  no build target for: /home/kevin/Documents/dynmicFormReact/app/model/person.scala
2020.05.21 09:41:41 WARN  no build target for: /home/kevin/Documents/dynmicFormReact/app/model/person.scala
2020.05.21 09:41:52 WARN  no build target for: /home/kevin/Documents/dynmicFormReact/app/model/person.scala
2020.05.21 09:41:53 WARN  no build target for: /home/kevin/Documents/dynmicFormReact/app/model/person.scala
2020.05.21 09:41:53 WARN  no build target for: /home/kevin/Documents/dynmicFormReact/app/model/person.scala
2020.05.21 09:41:53 WARN  no build target for: /home/kevin/Documents/dynmicFormReact/app/model/person.scala
2020.05.21 09:41:54 WARN  no build target for: /home/kevin/Documents/dynmicFormReact/app/model/person.scala
2020.05.21 09:43:45 WARN  no build target for: /home/kevin/Documents/dynmicFormReact/app/model/person.scala
2020.05.21 09:43:48 WARN  no build target for: /home/kevin/Documents/dynmicFormReact/app/model/person.scala
2020.05.21 09:43:48 WARN  no build target for: /home/kevin/Documents/dynmicFormReact/app/model/person.scala
2020.05.21 09:47:56 WARN  no build target for: /home/kevin/Documents/dynmicFormReact/app/controllers/HomeController.scala
2020.05.21 09:47:59 WARN  no build target for: /home/kevin/Documents/dynmicFormReact/app/controllers/HomeController.scala
2020.05.21 09:48:00 WARN  no build target for: /home/kevin/Documents/dynmicFormReact/app/controllers/HomeController.scala
2020.05.21 09:48:03 WARN  no build target for: /home/kevin/Documents/dynmicFormReact/app/controllers/HomeController.scala
2020.05.21 09:48:05 WARN  no build target for: /home/kevin/Documents/dynmicFormReact/app/controllers/HomeController.scala
2020.05.21 09:48:06 WARN  no build target for: /home/kevin/Documents/dynmicFormReact/app/controllers/HomeController.scala
2020.05.21 10:25:31 WARN  no build target for: /home/kevin/Documents/dynmicFormReact/app/model/person.scala
2020.05.21 10:25:32 WARN  no build target for: /home/kevin/Documents/dynmicFormReact/app/model/person.scala
2020.05.21 10:25:32 WARN  no build target for: /home/kevin/Documents/dynmicFormReact/app/model/person.scala
2020.05.21 10:25:32 WARN  no build target for: /home/kevin/Documents/dynmicFormReact/app/model/person.scala
2020.05.21 10:25:33 WARN  no build target for: /home/kevin/Documents/dynmicFormReact/app/model/person.scala
2020.05.22 10:11:41 WARN  no build target for: /home/kevin/Documents/dynmicFormReact/app/controllers/HomeController.scala
2020.05.22 10:11:41 WARN  no build target for: /home/kevin/Documents/dynmicFormReact/app/controllers/HomeController.scala
2020.05.22 10:11:41 WARN  no build target for: /home/kevin/Documents/dynmicFormReact/app/controllers/HomeController.scala
2020.05.22 10:11:41 WARN  no build target for: /home/kevin/Documents/dynmicFormReact/app/controllers/HomeController.scala
2020.05.22 10:11:45 WARN  no build target for: /home/kevin/Documents/dynmicFormReact/app/controllers/HomeController.scala
2020.05.22 10:11:45 WARN  no build target for: /home/kevin/Documents/dynmicFormReact/app/controllers/HomeController.scala
2020.05.22 10:11:45 WARN  no build target for: /home/kevin/Documents/dynmicFormReact/app/controllers/HomeController.scala
2020.05.22 10:11:45 WARN  no build target for: /home/kevin/Documents/dynmicFormReact/app/controllers/HomeController.scala
2020.05.22 10:12:30 WARN  no build target for: /home/kevin/Documents/dynmicFormReact/app/controllers/HomeController.scala
2020.05.22 10:12:34 WARN  no build target for: /home/kevin/Documents/dynmicFormReact/app/controllers/HomeController.scala
2020.05.22 10:12:34 WARN  no build target for: /home/kevin/Documents/dynmicFormReact/app/controllers/HomeController.scala
2020.05.22 10:12:44 WARN  no build target for: /home/kevin/Documents/dynmicFormReact/app/controllers/HomeController.scala
2020.05.22 10:12:44 WARN  code navigation does not work for the file '/home/kevin/Documents/dynmicFormReact/app/controllers/HomeController.scala' because it doesn't belong to a build target.
2020.05.22 10:12:48 WARN  no build target for: /home/kevin/Documents/dynmicFormReact/app/controllers/HomeController.scala
2020.05.22 11:29:18 INFO  shutting down Metals
2020.05.22 11:30:20 INFO  started: Metals version 0.9.0 in workspace '/home/kevin/Documents/dynmicFormReact'
2020.05.22 11:30:21 INFO  time: initialize in 1.03s
May 22, 2020 11:30:32 AM org.eclipse.lsp4j.jsonrpc.services.GenericEndpoint notify
INFO: Unsupported notification method: $/setTraceNotification
May 22, 2020 11:31:00 AM org.eclipse.lsp4j.jsonrpc.services.GenericEndpoint notify
INFO: Unsupported notification method: $/setTraceNotification
May 22, 2020 11:31:05 AM org.eclipse.lsp4j.jsonrpc.services.GenericEndpoint notify
INFO: Unsupported notification method: $/setTraceNotification
May 22, 2020 11:31:36 AM org.eclipse.lsp4j.jsonrpc.services.GenericEndpoint notify
INFO: Unsupported notification method: $/setTraceNotification
May 22, 2020 11:31:44 AM org.eclipse.lsp4j.jsonrpc.services.GenericEndpoint notify
INFO: Unsupported notification method: $/setTraceNotification
May 22, 2020 11:31:46 AM org.eclipse.lsp4j.jsonrpc.services.GenericEndpoint notify
INFO: Unsupported notification method: $/setTraceNotification
May 22, 2020 11:31:50 AM org.eclipse.lsp4j.jsonrpc.services.GenericEndpoint notify
INFO: Unsupported notification method: $/setTraceNotification
2020.05.22 16:13:06 INFO  shutting down Metals
2020.05.26 14:02:43 INFO  started: Metals version 0.9.0 in workspace '/home/kevin/Documents/my_project/dynmicFormReact'
2020.05.26 14:02:44 INFO  time: initialize in 0.55s
2020.05.26 14:04:17 INFO  no build target: using presentation compiler with only scala-library
2020.05.26 14:04:19 WARN  no build target for: /home/kevin/Documents/my_project/dynmicFormReact/app/controllers/HomeController.scala
2020.05.26 14:04:27 WARN  no build target for: /home/kevin/Documents/my_project/dynmicFormReact/app/Module.scala
2020.05.26 14:04:31 WARN  no build target for: /home/kevin/Documents/my_project/dynmicFormReact/app/controllers/HomeController.scala
2020.05.26 14:04:34 WARN  no build target for: /home/kevin/Documents/my_project/dynmicFormReact/app/controllers/HomeController.scala
2020.05.26 14:04:37 WARN  no build target for: /home/kevin/Documents/my_project/dynmicFormReact/app/model/person.scala
2020.05.26 14:05:28 WARN  no build target for: /home/kevin/Documents/my_project/dynmicFormReact/app/model/person.scala
2020.05.26 14:09:33 WARN  code navigation does not work for the file '/home/kevin/Documents/my_project/dynmicFormReact/app/controllers/HomeController.scala' because it doesn't belong to a build target.
2020.05.26 14:23:58 WARN  code navigation does not work for the file '/home/kevin/Documents/my_project/dynmicFormReact/app/controllers/HomeController.scala' because it doesn't belong to a build target.
2020.05.26 14:28:31 WARN  no build target for: /home/kevin/Documents/my_project/dynmicFormReact/app/controllers/HomeController.scala
2020.05.26 14:28:31 WARN  no build target for: /home/kevin/Documents/my_project/dynmicFormReact/app/controllers/HomeController.scala
2020.05.26 14:28:31 WARN  no build target for: /home/kevin/Documents/my_project/dynmicFormReact/app/controllers/HomeController.scala
2020.05.26 14:28:31 WARN  no build target for: /home/kevin/Documents/my_project/dynmicFormReact/app/controllers/HomeController.scala
2020.05.26 14:28:31 WARN  no build target for: /home/kevin/Documents/my_project/dynmicFormReact/app/controllers/HomeController.scala
2020.05.26 14:28:48 WARN  no build target for: /home/kevin/Documents/my_project/dynmicFormReact/app/controllers/HomeController.scala
2020.05.26 14:28:54 WARN  no build target for: /home/kevin/Documents/my_project/dynmicFormReact/app/controllers/HomeController.scala
2020.05.26 14:28:56 WARN  no build target for: /home/kevin/Documents/my_project/dynmicFormReact/app/controllers/HomeController.scala
2020.05.26 14:28:58 WARN  no build target for: /home/kevin/Documents/my_project/dynmicFormReact/app/controllers/HomeController.scala
2020.05.26 14:28:59 WARN  no build target for: /home/kevin/Documents/my_project/dynmicFormReact/app/controllers/HomeController.scala
2020.05.26 14:28:59 WARN  no build target for: /home/kevin/Documents/my_project/dynmicFormReact/app/controllers/HomeController.scala
2020.05.26 14:28:59 WARN  no build target for: /home/kevin/Documents/my_project/dynmicFormReact/app/controllers/HomeController.scala
2020.05.26 14:29:00 WARN  no build target for: /home/kevin/Documents/my_project/dynmicFormReact/app/controllers/HomeController.scala
2020.05.26 14:29:00 WARN  no build target for: /home/kevin/Documents/my_project/dynmicFormReact/app/controllers/HomeController.scala
2020.05.26 14:29:00 WARN  no build target for: /home/kevin/Documents/my_project/dynmicFormReact/app/controllers/HomeController.scala
2020.05.26 14:29:00 WARN  no build target for: /home/kevin/Documents/my_project/dynmicFormReact/app/controllers/HomeController.scala
2020.05.26 14:29:00 WARN  no build target for: /home/kevin/Documents/my_project/dynmicFormReact/app/controllers/HomeController.scala
2020.05.26 14:29:00 WARN  no build target for: /home/kevin/Documents/my_project/dynmicFormReact/app/controllers/HomeController.scala
2020.05.26 14:33:11 WARN  no build target for: /home/kevin/Documents/my_project/dynmicFormReact/app/controllers/HomeController.scala
2020.05.26 14:33:15 WARN  no build target for: /home/kevin/Documents/my_project/dynmicFormReact/app/controllers/HomeController.scala
2020.05.26 14:33:28 WARN  no build target for: /home/kevin/Documents/my_project/dynmicFormReact/app/controllers/HomeController.scala
2020.05.26 14:33:41 WARN  code navigation does not work for the file '/home/kevin/Documents/my_project/dynmicFormReact/app/controllers/HomeController.scala' because it doesn't belong to a build target.
2020.05.26 14:35:57 WARN  no build target for: /home/kevin/Documents/my_project/dynmicFormReact/app/controllers/HomeController.scala
2020.05.26 14:36:00 WARN  no build target for: /home/kevin/Documents/my_project/dynmicFormReact/app/controllers/HomeController.scala
2020.05.26 14:36:01 WARN  no build target for: /home/kevin/Documents/my_project/dynmicFormReact/app/controllers/HomeController.scala
2020.05.26 14:36:01 WARN  no build target for: /home/kevin/Documents/my_project/dynmicFormReact/app/controllers/HomeController.scala
2020.05.26 14:36:01 WARN  no build target for: /home/kevin/Documents/my_project/dynmicFormReact/app/controllers/HomeController.scala
2020.05.26 14:36:01 WARN  no build target for: /home/kevin/Documents/my_project/dynmicFormReact/app/controllers/HomeController.scala
2020.05.26 14:36:01 WARN  no build target for: /home/kevin/Documents/my_project/dynmicFormReact/app/controllers/HomeController.scala
2020.05.26 14:36:02 WARN  code navigation does not work for the file '/home/kevin/Documents/my_project/dynmicFormReact/app/controllers/HomeController.scala' because it doesn't belong to a build target.
2020.05.26 14:36:16 WARN  code navigation does not work for the file '/home/kevin/Documents/my_project/dynmicFormReact/app/controllers/HomeController.scala' because it doesn't belong to a build target.
2020.05.26 15:02:11 INFO  shutting down Metals
